2018-11-09 10:36:16,430 DEBUG   1. TestAppSearch-testAppSearch ExcelUtils                     : excel file path: d:/testAppSearch.xlsx 
2018-11-09 10:36:17,553 INFO    1. TestAppSearch-testAppSearch ExcelUtils                     : <font color='green'><b>成功加载测试文件：[ d:/testAppSearch.xlsx ]</b></font> 
2018-11-09 10:36:17,580 INFO    1. TestAppSearch-testAppSearch ExecutionEngine                : <font color='#76E11F'><h3> >>>开始执行测试用例 - [ Login ]<<< </h3></font> </br> 
2018-11-09 10:36:17,582 WARN    1. TestAppSearch-testAppSearch KeywordDrivenUtil              : <span class='warn'>步骤：[ 导航到登录页面 ] 未找到关键字或未设置关键字，该步骤被跳过，请检查... </span> 
2018-11-09 10:36:18,222 INFO    1. TestAppSearch-testAppSearch BaseKeywords                   : <span class='action'>---------当前测试用例执行完成---------</span> 
2018-11-09 10:36:18,225 INFO    1. TestAppSearch-testAppSearch AbstractBasePage               : <font size='4' color='blue'><b>测试结果：</b></font><font size='4' color='green'><i>PASSED</i></font> 
2018-11-09 10:36:18,238 INFO    1. TestAppSearch-testAppSearch ExecutionEngine                : <font color='#76E11F'><h3> >>>开始执行测试用例 - [ 应用概览 ]<<< </h3></font> </br> 
2018-11-09 10:36:18,247 DEBUG   1. TestAppSearch-testAppSearch ExecutionEngine                : 执行关键字：findAndInput 
2018-11-09 10:36:18,248 INFO    1. TestAppSearch-testAppSearch AbstractBasePage               : <span class='step'>Step1. 搜索test_sdk应用</span> 
2018-11-09 10:36:18,251 DEBUG   1. TestAppSearch-testAppSearch AbstractBasePage               : <span class='data'>根据元素Xpath查找元素：[ xpath=//*[@id="app"]/div[2]/div[1]/div[1]/input ]</span> 
2018-11-09 10:36:18,274 DEBUG   1. TestAppSearch-testAppSearch AbstractBasePage               : waitForAjaxComplete 
2018-11-09 10:36:18,274 INFO    1. TestAppSearch-testAppSearch java.lang.Thread               : execute Javascript return ajaxInProgressIndicator; 
2018-11-09 10:36:18,319 DEBUG   1. TestAppSearch-testAppSearch AbstractBasePage               : waitForAjaxComplete elapsed time 45 (ms) 
2018-11-09 10:36:18,320 DEBUG   1. TestAppSearch-testAppSearch AbstractBasePage               : waitUntilElements By.xpath: //*[@id="app"]/div[2]/div[1]/div[1]/input 
2018-11-09 10:36:18,395 DEBUG   1. TestAppSearch-testAppSearch AbstractBasePage               : found element: By.xpath: //*[@id="app"]/div[2]/div[1]/div[1]/input , time elapsed: 75 (ms) ms. 
2018-11-09 10:36:18,752 DEBUG   1. TestAppSearch-testAppSearch main.TestContext               : Capturing screenshot '失败截图' to D:\workspaces\framework-parent\framework-app\target\test_reports\screenshots\0-TestAppSearch-testAppSearch.png 
2018-11-09 10:36:18,764 INFO    1. TestAppSearch-testAppSearch main.TestContext               : <a href="D:\workspaces\framework-parent\framework-app\target\test_reports\screenshots/0-TestAppSearch-testAppSearch.png" ><font color='#A5A52E' size='5'><b><i>失败截图</i></b></font> </a> 
2018-11-09 10:36:18,772 INFO    1. TestAppSearch-testAppSearch KeywordDrivenUtil              : <span class='action'>当前步骤执行失败，将执行关键字[ findAndInput ]重跑此步骤. 当前重跑第 [ 0 ] 次, 可重跑[ 2 ]次.</span> 
2018-11-09 10:36:18,778 DEBUG   1. TestAppSearch-testAppSearch ExecutionEngine                : 执行关键字：findAndInput 
2018-11-09 10:36:18,799 DEBUG   1. TestAppSearch-testAppSearch AbstractBasePage               : <span class='data'>根据元素Xpath查找元素：[ xpath=//*[@id="app"]/div[2]/div[1]/div[1]/input ]</span> 
2018-11-09 10:36:18,844 DEBUG   1. TestAppSearch-testAppSearch AbstractBasePage               : waitForAjaxComplete 
2018-11-09 10:36:18,844 INFO    1. TestAppSearch-testAppSearch java.lang.Thread               : execute Javascript return ajaxInProgressIndicator; 
2018-11-09 10:36:18,855 DEBUG   1. TestAppSearch-testAppSearch AbstractBasePage               : waitForAjaxComplete elapsed time 11 (ms) 
2018-11-09 10:36:18,856 DEBUG   1. TestAppSearch-testAppSearch AbstractBasePage               : waitUntilElements By.xpath: //*[@id="app"]/div[2]/div[1]/div[1]/input 
2018-11-09 10:36:18,876 DEBUG   1. TestAppSearch-testAppSearch AbstractBasePage               : found element: By.xpath: //*[@id="app"]/div[2]/div[1]/div[1]/input , time elapsed: 20 (ms) ms. 
2018-11-09 10:36:18,880 INFO    1. TestAppSearch-testAppSearch KeywordDrivenUtil              : <span class='action'>当前步骤执行失败，将执行关键字[ findAndInput ]重跑此步骤. 当前重跑第 [ 1 ] 次, 可重跑[ 2 ]次.</span> 
2018-11-09 10:36:18,882 DEBUG   1. TestAppSearch-testAppSearch ExecutionEngine                : 执行关键字：findAndInput 
2018-11-09 10:36:18,883 DEBUG   1. TestAppSearch-testAppSearch AbstractBasePage               : <span class='data'>根据元素Xpath查找元素：[ xpath=//*[@id="app"]/div[2]/div[1]/div[1]/input ]</span> 
2018-11-09 10:36:18,936 DEBUG   1. TestAppSearch-testAppSearch AbstractBasePage               : waitForAjaxComplete 
2018-11-09 10:36:18,937 INFO    1. TestAppSearch-testAppSearch java.lang.Thread               : execute Javascript return ajaxInProgressIndicator; 
2018-11-09 10:36:18,947 DEBUG   1. TestAppSearch-testAppSearch AbstractBasePage               : waitForAjaxComplete elapsed time 10 (ms) 
2018-11-09 10:36:18,948 DEBUG   1. TestAppSearch-testAppSearch AbstractBasePage               : waitUntilElements By.xpath: //*[@id="app"]/div[2]/div[1]/div[1]/input 
2018-11-09 10:36:18,965 DEBUG   1. TestAppSearch-testAppSearch AbstractBasePage               : found element: By.xpath: //*[@id="app"]/div[2]/div[1]/div[1]/input , time elapsed: 17 (ms) ms. 
2018-11-09 10:36:18,967 INFO    1. TestAppSearch-testAppSearch KeywordDrivenUtil              : <span class='action'>当前步骤执行失败，将执行关键字[ findAndInput ]重跑此步骤. 当前重跑第 [ 2 ] 次, 可重跑[ 2 ]次.</span> 
2018-11-09 10:36:18,968 DEBUG   1. TestAppSearch-testAppSearch ExecutionEngine                : 执行关键字：findAndInput 
2018-11-09 10:36:18,969 DEBUG   1. TestAppSearch-testAppSearch AbstractBasePage               : <span class='data'>根据元素Xpath查找元素：[ xpath=//*[@id="app"]/div[2]/div[1]/div[1]/input ]</span> 
2018-11-09 10:36:18,979 DEBUG   1. TestAppSearch-testAppSearch AbstractBasePage               : waitForAjaxComplete 
2018-11-09 10:36:18,979 INFO    1. TestAppSearch-testAppSearch java.lang.Thread               : execute Javascript return ajaxInProgressIndicator; 
2018-11-09 10:36:18,991 DEBUG   1. TestAppSearch-testAppSearch AbstractBasePage               : waitForAjaxComplete elapsed time 12 (ms) 
2018-11-09 10:36:18,991 DEBUG   1. TestAppSearch-testAppSearch AbstractBasePage               : waitUntilElements By.xpath: //*[@id="app"]/div[2]/div[1]/div[1]/input 
2018-11-09 10:36:19,005 DEBUG   1. TestAppSearch-testAppSearch AbstractBasePage               : found element: By.xpath: //*[@id="app"]/div[2]/div[1]/div[1]/input , time elapsed: 14 (ms) ms. 
2018-11-09 10:36:19,007 ERROR   1. TestAppSearch-testAppSearch ExecutionEngine                : <span class='error'>步骤：[搜索test_sdk应用] 重跑 3 次后失败...</span> 
2018-11-09 10:36:19,325 INFO    1. TestAppSearch-testAppSearch BaseKeywords                   : <span class='action'>---------当前测试用例执行完成---------</span> 
2018-11-09 10:36:19,325 INFO    1. TestAppSearch-testAppSearch AbstractBasePage               : <font size='4' color='blue'><b>测试结果：</b></font><font size='4' color='red'><i>FAILED</i></font> 
2018-11-09 10:36:19,340 INFO    1. TestAppSearch-testAppSearch framework.webdriver.TestNGListener : FAILED    : TestAppSearch-testAppSearch 
2018-11-09 10:36:19,652 DEBUG   1. TestAppSearch-testAppSearch main.TestContext               : Capturing screenshot '失败截图' to D:\workspaces\framework-parent\framework-app\target\test_reports\screenshots\1-TestAppSearch-testAppSearch.png 
2018-11-09 10:36:19,657 INFO    1. TestAppSearch-testAppSearch main.TestContext               : <a href="D:\workspaces\framework-parent\framework-app\target\test_reports\screenshots/1-TestAppSearch-testAppSearch.png" ><font color='#A5A52E' size='5'><b><i>失败截图</i></b></font> </a> 
2018-11-09 10:36:19,668 DEBUG   1. TestAppSearch-testAppSearch main.TestContext               : Capturing DOM state to TestAppSearch-testAppSearch-DOM.txt 
2018-11-09 10:36:19,670 INFO    1. TestAppSearch-testAppSearch main.TestContext               : <a href="TestAppSearch-testAppSearch-DOM.txt">DOM Capture</a> 
2018-11-09 10:36:19,671 DEBUG   1. TestAppSearch-testAppSearch main.TestContext               : No value found for property grid.Server 
